
2016-03-30 21:47:01

Operating System
  Name                        = Microsoft Windows 10 Home Single Language
  Version                     = 10.0.10586
  Architecture                = 32bit
  # CPUs                      = 4
  Memory                      = 7472537600

Node.js
  Node.js Version             = 0.12.7
  npm Version                 = 2.11.3

Titanium CLI
  CLI Version                 = 5.0.6

Titanium SDK
  SDK Version                 = 5.2.0.GA
  SDK Path                    = C:\ProgramData\Titanium\mobilesdk\win32\5.2.0.GA
  Target Platform             = mobileweb

Command
  C:\Program Files (x86)\nodejs\node.exe C:\Users\neytu\.appcelerator\install\5.2.1\package\node_modules\titanium\lib\titanium.js build run --platform mobileweb --log-level trace --sdk 5.2.0.GA --project-dir C:\Users\neytu\Documents\Appcelerator_Studio_Workspace\filesystem --deploy-type development --skip-js-minify --no-colors --no-progress-bars --no-prompt --prompt-type socket-bundle --prompt-port 49176 --config-file C:\Users\neytu\AppData\Local\Temp\build-1459399612120.json --no-banner --project-dir C:\Users\neytu\Documents\Appcelerator_Studio_Workspace\filesystem

[DEBUG]  Detecting modules in C:\ProgramData\Titanium\modules
[DEBUG]  Detected android module: facebook 5.0.0 @ C:\ProgramData\Titanium\modules\android\facebook\5.0.0
[DEBUG]  Detected android module: ti.cloudpush 3.4.1 @ C:\ProgramData\Titanium\modules\android\ti.cloudpush\3.4.1
[DEBUG]  Detected android module: ti.map 2.3.6 @ C:\ProgramData\Titanium\modules\android\ti.map\2.3.6
[DEBUG]  Detected commonjs module: ti.cloud 3.2.10 @ C:\ProgramData\Titanium\modules\commonjs\ti.cloud\3.2.10
[DEBUG]  Looking for Titanium module id=ti.cloud version=latest platform=commonjs deploy-type=development
[INFO]   Found Titanium module id=ti.cloud version=3.2.10 platform=commonjs deploy-type=development path=C:\ProgramData\Titanium\modules\commonjs\ti.cloud\3.2.10
[DEBUG]  No project level plugins to load
[TRACE]  Snapshotting build directory
[INFO]   Compiling "development" build
[INFO]   Reading Titanium Mobile Web package.json file
[INFO]   Validating theme
[DEBUG]  Using default theme
[TRACE]  offline build file C:\Users\neytu\AppData\Local\Temp\build-cae1a2b99a03b080c80805a61cfacd8e35c513cf.json
[TRACE]  online 1
[TRACE]  optimizing build, last build was 1789.912 sec ago
[DEBUG]  Deleting existing build directory
[INFO]   Copying project files
[DEBUG]  Copying C:\ProgramData\Titanium\mobilesdk\win32\5.2.0.GA\mobileweb\titanium/dependencies.json => C:\Users\neytu\Documents\Appcelerator_Studio_Workspace\filesystem\build\mobileweb\titanium/dependencies.json
[DEBUG]  Copying C:\ProgramData\Titanium\mobilesdk\win32\5.2.0.GA\mobileweb\titanium/package.json => C:\Users\neytu\Documents\Appcelerator_Studio_Workspace\filesystem\build\mobileweb\titanium/package.json
[DEBUG]  Copying C:\ProgramData\Titanium\mobilesdk\win32\5.2.0.GA\mobileweb\titanium/Ti/Accelerometer.js => C:\Users\neytu\Documents\Appcelerator_Studio_Workspace\filesystem\build\mobileweb\titanium/Ti/Accelerometer.js
[DEBUG]  Copying C:\ProgramData\Titanium\mobilesdk\win32\5.2.0.GA\mobileweb\titanium/Ti/Analytics.js => C:\Users\neytu\Documents\Appcelerator_Studio_Workspace\filesystem\build\mobileweb\titanium/Ti/Analytics.js
[DEBUG]  Copying C:\ProgramData\Titanium\mobilesdk\win32\5.2.0.GA\mobileweb\titanium/Ti/API.js => C:\Users\neytu\Documents\Appcelerator_Studio_Workspace\filesystem\build\mobileweb\titanium/Ti/API.js
[DEBUG]  Copying C:\ProgramData\Titanium\mobilesdk\win32\5.2.0.GA\mobileweb\titanium/Ti/App/Properties.js => C:\Users\neytu\Documents\Appcelerator_Studio_Workspace\filesystem\build\mobileweb\titanium/Ti/App/Properties.js
[DEBUG]  Copying C:\ProgramData\Titanium\mobilesdk\win32\5.2.0.GA\mobileweb\titanium/Ti/App.js => C:\Users\neytu\Documents\Appcelerator_Studio_Workspace\filesystem\build\mobileweb\titanium/Ti/App.js
[DEBUG]  Copying C:\ProgramData\Titanium\mobilesdk\win32\5.2.0.GA\mobileweb\titanium/Ti/Blob.js => C:\Users\neytu\Documents\Appcelerator_Studio_Workspace\filesystem\build\mobileweb\titanium/Ti/Blob.js
[DEBUG]  Copying C:\ProgramData\Titanium\mobilesdk\win32\5.2.0.GA\mobileweb\titanium/Ti/BlobStream.js => C:\Users\neytu\Documents\Appcelerator_Studio_Workspace\filesystem\build\mobileweb\titanium/Ti/BlobStream.js
[DEBUG]  Copying C:\ProgramData\Titanium\mobilesdk\win32\5.2.0.GA\mobileweb\titanium/Ti/Buffer.js => C:\Users\neytu\Documents\Appcelerator_Studio_Workspace\filesystem\build\mobileweb\titanium/Ti/Buffer.js
[DEBUG]  Copying C:\ProgramData\Titanium\mobilesdk\win32\5.2.0.GA\mobileweb\titanium/Ti/BufferStream.js => C:\Users\neytu\Documents\Appcelerator_Studio_Workspace\filesystem\build\mobileweb\titanium/Ti/BufferStream.js
[DEBUG]  Copying C:\ProgramData\Titanium\mobilesdk\win32\5.2.0.GA\mobileweb\titanium/Ti/Codec.js => C:\Users\neytu\Documents\Appcelerator_Studio_Workspace\filesystem\build\mobileweb\titanium/Ti/Codec.js
[DEBUG]  Copying C:\ProgramData\Titanium\mobilesdk\win32\5.2.0.GA\mobileweb\titanium/Ti/Facebook/LoginButton.js => C:\Users\neytu\Documents\Appcelerator_Studio_Workspace\filesystem\build\mobileweb\titanium/Ti/Facebook/LoginButton.js
[DEBUG]  Copying C:\ProgramData\Titanium\mobilesdk\win32\5.2.0.GA\mobileweb\titanium/Ti/Facebook.js => C:\Users\neytu\Documents\Appcelerator_Studio_Workspace\filesystem\build\mobileweb\titanium/Ti/Facebook.js
[DEBUG]  Copying C:\ProgramData\Titanium\mobilesdk\win32\5.2.0.GA\mobileweb\titanium/Ti/Filesystem/File.js => C:\Users\neytu\Documents\Appcelerator_Studio_Workspace\filesystem\build\mobileweb\titanium/Ti/Filesystem/File.js
[DEBUG]  Copying C:\ProgramData\Titanium\mobilesdk\win32\5.2.0.GA\mobileweb\titanium/Ti/Filesystem/FileStream.js => C:\Users\neytu\Documents\Appcelerator_Studio_Workspace\filesystem\build\mobileweb\titanium/Ti/Filesystem/FileStream.js
[DEBUG]  Copying C:\ProgramData\Titanium\mobilesdk\win32\5.2.0.GA\mobileweb\titanium/Ti/Filesystem.js => C:\Users\neytu\Documents\Appcelerator_Studio_Workspace\filesystem\build\mobileweb\titanium/Ti/Filesystem.js
[DEBUG]  Copying C:\ProgramData\Titanium\mobilesdk\win32\5.2.0.GA\mobileweb\titanium/Ti/Geolocation.js => C:\Users\neytu\Documents\Appcelerator_Studio_Workspace\filesystem\build\mobileweb\titanium/Ti/Geolocation.js
[DEBUG]  Copying C:\ProgramData\Titanium\mobilesdk\win32\5.2.0.GA\mobileweb\titanium/Ti/Gesture.js => C:\Users\neytu\Documents\Appcelerator_Studio_Workspace\filesystem\build\mobileweb\titanium/Ti/Gesture.js
[DEBUG]  Copying C:\ProgramData\Titanium\mobilesdk\win32\5.2.0.GA\mobileweb\titanium/Ti/IOStream.js => C:\Users\neytu\Documents\Appcelerator_Studio_Workspace\filesystem\build\mobileweb\titanium/Ti/IOStream.js
[DEBUG]  Copying C:\ProgramData\Titanium\mobilesdk\win32\5.2.0.GA\mobileweb\titanium/Ti/Locale.js => C:\Users\neytu\Documents\Appcelerator_Studio_Workspace\filesystem\build\mobileweb\titanium/Ti/Locale.js
[DEBUG]  Copying C:\ProgramData\Titanium\mobilesdk\win32\5.2.0.GA\mobileweb\titanium/Ti/Map/Annotation.js => C:\Users\neytu\Documents\Appcelerator_Studio_Workspace\filesystem\build\mobileweb\titanium/Ti/Map/Annotation.js
[DEBUG]  Copying C:\ProgramData\Titanium\mobilesdk\win32\5.2.0.GA\mobileweb\titanium/Ti/Map/View.js => C:\Users\neytu\Documents\Appcelerator_Studio_Workspace\filesystem\build\mobileweb\titanium/Ti/Map/View.js
[DEBUG]  Copying C:\ProgramData\Titanium\mobilesdk\win32\5.2.0.GA\mobileweb\titanium/Ti/Map.js => C:\Users\neytu\Documents\Appcelerator_Studio_Workspace\filesystem\build\mobileweb\titanium/Ti/Map.js
[DEBUG]  Copying C:\ProgramData\Titanium\mobilesdk\win32\5.2.0.GA\mobileweb\titanium/Ti/Media/AudioPlayer.js => C:\Users\neytu\Documents\Appcelerator_Studio_Workspace\filesystem\build\mobileweb\titanium/Ti/Media/AudioPlayer.js
[DEBUG]  Copying C:\ProgramData\Titanium\mobilesdk\win32\5.2.0.GA\mobileweb\titanium/Ti/Media/Sound.js => C:\Users\neytu\Documents\Appcelerator_Studio_Workspace\filesystem\build\mobileweb\titanium/Ti/Media/Sound.js
[DEBUG]  Copying C:\ProgramData\Titanium\mobilesdk\win32\5.2.0.GA\mobileweb\titanium/Ti/Media/VideoPlayer.js => C:\Users\neytu\Documents\Appcelerator_Studio_Workspace\filesystem\build\mobileweb\titanium/Ti/Media/VideoPlayer.js
[DEBUG]  Copying C:\ProgramData\Titanium\mobilesdk\win32\5.2.0.GA\mobileweb\titanium/Ti/Media.js => C:\Users\neytu\Documents\Appcelerator_Studio_Workspace\filesystem\build\mobileweb\titanium/Ti/Media.js
[DEBUG]  Copying C:\ProgramData\Titanium\mobilesdk\win32\5.2.0.GA\mobileweb\titanium/Ti/Network/HTTPClient.js => C:\Users\neytu\Documents\Appcelerator_Studio_Workspace\filesystem\build\mobileweb\titanium/Ti/Network/HTTPClient.js
[DEBUG]  Copying C:\ProgramData\Titanium\mobilesdk\win32\5.2.0.GA\mobileweb\titanium/Ti/Network.js => C:\Users\neytu\Documents\Appcelerator_Studio_Workspace\filesystem\build\mobileweb\titanium/Ti/Network.js
[DEBUG]  Copying C:\ProgramData\Titanium\mobilesdk\win32\5.2.0.GA\mobileweb\titanium/Ti/Platform/DisplayCaps.js => C:\Users\neytu\Documents\Appcelerator_Studio_Workspace\filesystem\build\mobileweb\titanium/Ti/Platform/DisplayCaps.js
[DEBUG]  Copying C:\ProgramData\Titanium\mobilesdk\win32\5.2.0.GA\mobileweb\titanium/Ti/Platform.js => C:\Users\neytu\Documents\Appcelerator_Studio_Workspace\filesystem\build\mobileweb\titanium/Ti/Platform.js
[DEBUG]  Copying C:\ProgramData\Titanium\mobilesdk\win32\5.2.0.GA\mobileweb\titanium/Ti/UI/2DMatrix.js => C:\Users\neytu\Documents\Appcelerator_Studio_Workspace\filesystem\build\mobileweb\titanium/Ti/UI/2DMatrix.js
[DEBUG]  Copying C:\ProgramData\Titanium\mobilesdk\win32\5.2.0.GA\mobileweb\titanium/Ti/UI/ActivityIndicator.js => C:\Users\neytu\Documents\Appcelerator_Studio_Workspace\filesystem\build\mobileweb\titanium/Ti/UI/ActivityIndicator.js
[DEBUG]  Copying C:\ProgramData\Titanium\mobilesdk\win32\5.2.0.GA\mobileweb\titanium/Ti/UI/ActivityIndicatorStyle.js => C:\Users\neytu\Documents\Appcelerator_Studio_Workspace\filesystem\build\mobileweb\titanium/Ti/UI/ActivityIndicatorStyle.js
[DEBUG]  Copying C:\ProgramData\Titanium\mobilesdk\win32\5.2.0.GA\mobileweb\titanium/Ti/UI/AlertDialog.js => C:\Users\neytu\Documents\Appcelerator_Studio_Workspace\filesystem\build\mobileweb\titanium/Ti/UI/AlertDialog.js
[DEBUG]  Copying C:\ProgramData\Titanium\mobilesdk\win32\5.2.0.GA\mobileweb\titanium/Ti/UI/Animation.js => C:\Users\neytu\Documents\Appcelerator_Studio_Workspace\filesystem\build\mobileweb\titanium/Ti/UI/Animation.js
[DEBUG]  Copying C:\ProgramData\Titanium\mobilesdk\win32\5.2.0.GA\mobileweb\titanium/Ti/UI/Button.js => C:\Users\neytu\Documents\Appcelerator_Studio_Workspace\filesystem\build\mobileweb\titanium/Ti/UI/Button.js
[DEBUG]  Copying C:\ProgramData\Titanium\mobilesdk\win32\5.2.0.GA\mobileweb\titanium/Ti/UI/Clipboard.js => C:\Users\neytu\Documents\Appcelerator_Studio_Workspace\filesystem\build\mobileweb\titanium/Ti/UI/Clipboard.js
[DEBUG]  Copying C:\ProgramData\Titanium\mobilesdk\win32\5.2.0.GA\mobileweb\titanium/Ti/UI/EmailDialog.js => C:\Users\neytu\Documents\Appcelerator_Studio_Workspace\filesystem\build\mobileweb\titanium/Ti/UI/EmailDialog.js
[DEBUG]  Copying C:\ProgramData\Titanium\mobilesdk\win32\5.2.0.GA\mobileweb\titanium/Ti/UI/ImageView.js => C:\Users\neytu\Documents\Appcelerator_Studio_Workspace\filesystem\build\mobileweb\titanium/Ti/UI/ImageView.js
[DEBUG]  Copying C:\ProgramData\Titanium\mobilesdk\win32\5.2.0.GA\mobileweb\titanium/Ti/UI/Label.js => C:\Users\neytu\Documents\Appcelerator_Studio_Workspace\filesystem\build\mobileweb\titanium/Ti/UI/Label.js
[DEBUG]  Copying C:\ProgramData\Titanium\mobilesdk\win32\5.2.0.GA\mobileweb\titanium/Ti/UI/MobileWeb/NavigationGroup.js => C:\Users\neytu\Documents\Appcelerator_Studio_Workspace\filesystem\build\mobileweb\titanium/Ti/UI/MobileWeb/NavigationGroup.js
[DEBUG]  Copying C:\ProgramData\Titanium\mobilesdk\win32\5.2.0.GA\mobileweb\titanium/Ti/UI/MobileWeb/TableViewSeparatorStyle.js => C:\Users\neytu\Documents\Appcelerator_Studio_Workspace\filesystem\build\mobileweb\titanium/Ti/UI/MobileWeb/TableViewSeparatorStyle.js
[DEBUG]  Copying C:\ProgramData\Titanium\mobilesdk\win32\5.2.0.GA\mobileweb\titanium/Ti/UI/MobileWeb.js => C:\Users\neytu\Documents\Appcelerator_Studio_Workspace\filesystem\build\mobileweb\titanium/Ti/UI/MobileWeb.js
[DEBUG]  Copying C:\ProgramData\Titanium\mobilesdk\win32\5.2.0.GA\mobileweb\titanium/Ti/UI/OptionDialog.js => C:\Users\neytu\Documents\Appcelerator_Studio_Workspace\filesystem\build\mobileweb\titanium/Ti/UI/OptionDialog.js
[DEBUG]  Copying C:\ProgramData\Titanium\mobilesdk\win32\5.2.0.GA\mobileweb\titanium/Ti/UI/Picker.js => C:\Users\neytu\Documents\Appcelerator_Studio_Workspace\filesystem\build\mobileweb\titanium/Ti/UI/Picker.js
[DEBUG]  Copying C:\ProgramData\Titanium\mobilesdk\win32\5.2.0.GA\mobileweb\titanium/Ti/UI/PickerColumn.js => C:\Users\neytu\Documents\Appcelerator_Studio_Workspace\filesystem\build\mobileweb\titanium/Ti/UI/PickerColumn.js
[DEBUG]  Copying C:\ProgramData\Titanium\mobilesdk\win32\5.2.0.GA\mobileweb\titanium/Ti/UI/PickerRow.js => C:\Users\neytu\Documents\Appcelerator_Studio_Workspace\filesystem\build\mobileweb\titanium/Ti/UI/PickerRow.js
[DEBUG]  Copying C:\ProgramData\Titanium\mobilesdk\win32\5.2.0.GA\mobileweb\titanium/Ti/UI/ProgressBar.js => C:\Users\neytu\Documents\Appcelerator_Studio_Workspace\filesystem\build\mobileweb\titanium/Ti/UI/ProgressBar.js
[DEBUG]  Copying C:\ProgramData\Titanium\mobilesdk\win32\5.2.0.GA\mobileweb\titanium/Ti/UI/ScrollableView.js => C:\Users\neytu\Documents\Appcelerator_Studio_Workspace\filesystem\build\mobileweb\titanium/Ti/UI/ScrollableView.js
[DEBUG]  Copying C:\ProgramData\Titanium\mobilesdk\win32\5.2.0.GA\mobileweb\titanium/Ti/UI/ScrollView.js => C:\Users\neytu\Documents\Appcelerator_Studio_Workspace\filesystem\build\mobileweb\titanium/Ti/UI/ScrollView.js
[DEBUG]  Copying C:\ProgramData\Titanium\mobilesdk\win32\5.2.0.GA\mobileweb\titanium/Ti/UI/Slider.js => C:\Users\neytu\Documents\Appcelerator_Studio_Workspace\filesystem\build\mobileweb\titanium/Ti/UI/Slider.js
[DEBUG]  Copying C:\ProgramData\Titanium\mobilesdk\win32\5.2.0.GA\mobileweb\titanium/Ti/UI/Switch.js => C:\Users\neytu\Documents\Appcelerator_Studio_Workspace\filesystem\build\mobileweb\titanium/Ti/UI/Switch.js
[DEBUG]  Copying C:\ProgramData\Titanium\mobilesdk\win32\5.2.0.GA\mobileweb\titanium/Ti/UI/Tab.js => C:\Users\neytu\Documents\Appcelerator_Studio_Workspace\filesystem\build\mobileweb\titanium/Ti/UI/Tab.js
[DEBUG]  Copying C:\ProgramData\Titanium\mobilesdk\win32\5.2.0.GA\mobileweb\titanium/Ti/UI/TabGroup.js => C:\Users\neytu\Documents\Appcelerator_Studio_Workspace\filesystem\build\mobileweb\titanium/Ti/UI/TabGroup.js
[DEBUG]  Copying C:\ProgramData\Titanium\mobilesdk\win32\5.2.0.GA\mobileweb\titanium/Ti/UI/TableView.js => C:\Users\neytu\Documents\Appcelerator_Studio_Workspace\filesystem\build\mobileweb\titanium/Ti/UI/TableView.js
[DEBUG]  Copying C:\ProgramData\Titanium\mobilesdk\win32\5.2.0.GA\mobileweb\titanium/Ti/UI/TableViewRow.js => C:\Users\neytu\Documents\Appcelerator_Studio_Workspace\filesystem\build\mobileweb\titanium/Ti/UI/TableViewRow.js
[DEBUG]  Copying C:\ProgramData\Titanium\mobilesdk\win32\5.2.0.GA\mobileweb\titanium/Ti/UI/TableViewSection.js => C:\Users\neytu\Documents\Appcelerator_Studio_Workspace\filesystem\build\mobileweb\titanium/Ti/UI/TableViewSection.js
[DEBUG]  Copying C:\ProgramData\Titanium\mobilesdk\win32\5.2.0.GA\mobileweb\titanium/Ti/UI/TextArea.js => C:\Users\neytu\Documents\Appcelerator_Studio_Workspace\filesystem\build\mobileweb\titanium/Ti/UI/TextArea.js
[DEBUG]  Copying C:\ProgramData\Titanium\mobilesdk\win32\5.2.0.GA\mobileweb\titanium/Ti/UI/TextField.js => C:\Users\neytu\Documents\Appcelerator_Studio_Workspace\filesystem\build\mobileweb\titanium/Ti/UI/TextField.js
[DEBUG]  Copying C:\ProgramData\Titanium\mobilesdk\win32\5.2.0.GA\mobileweb\titanium/Ti/UI/View.js => C:\Users\neytu\Documents\Appcelerator_Studio_Workspace\filesystem\build\mobileweb\titanium/Ti/UI/View.js
[DEBUG]  Copying C:\ProgramData\Titanium\mobilesdk\win32\5.2.0.GA\mobileweb\titanium/Ti/UI/WebView.js => C:\Users\neytu\Documents\Appcelerator_Studio_Workspace\filesystem\build\mobileweb\titanium/Ti/UI/WebView.js
[DEBUG]  Copying C:\ProgramData\Titanium\mobilesdk\win32\5.2.0.GA\mobileweb\titanium/Ti/UI/Window.js => C:\Users\neytu\Documents\Appcelerator_Studio_Workspace\filesystem\build\mobileweb\titanium/Ti/UI/Window.js
[DEBUG]  Copying C:\ProgramData\Titanium\mobilesdk\win32\5.2.0.GA\mobileweb\titanium/Ti/UI.js => C:\Users\neytu\Documents\Appcelerator_Studio_Workspace\filesystem\build\mobileweb\titanium/Ti/UI.js
[DEBUG]  Copying C:\ProgramData\Titanium\mobilesdk\win32\5.2.0.GA\mobileweb\titanium/Ti/Utils.js => C:\Users\neytu\Documents\Appcelerator_Studio_Workspace\filesystem\build\mobileweb\titanium/Ti/Utils.js
[DEBUG]  Copying C:\ProgramData\Titanium\mobilesdk\win32\5.2.0.GA\mobileweb\titanium/Ti/XML.js => C:\Users\neytu\Documents\Appcelerator_Studio_Workspace\filesystem\build\mobileweb\titanium/Ti/XML.js
[DEBUG]  Copying C:\ProgramData\Titanium\mobilesdk\win32\5.2.0.GA\mobileweb\titanium/Ti/Yahoo.js => C:\Users\neytu\Documents\Appcelerator_Studio_Workspace\filesystem\build\mobileweb\titanium/Ti/Yahoo.js
[DEBUG]  Copying C:\ProgramData\Titanium\mobilesdk\win32\5.2.0.GA\mobileweb\titanium/Ti/_/analytics.js => C:\Users\neytu\Documents\Appcelerator_Studio_Workspace\filesystem\build\mobileweb\titanium/Ti/_/analytics.js
[DEBUG]  Copying C:\ProgramData\Titanium\mobilesdk\win32\5.2.0.GA\mobileweb\titanium/Ti/_/browser.js => C:\Users\neytu\Documents\Appcelerator_Studio_Workspace\filesystem\build\mobileweb\titanium/Ti/_/browser.js
[DEBUG]  Copying C:\ProgramData\Titanium\mobilesdk\win32\5.2.0.GA\mobileweb\titanium/Ti/_/colors.js => C:\Users\neytu\Documents\Appcelerator_Studio_Workspace\filesystem\build\mobileweb\titanium/Ti/_/colors.js
[DEBUG]  Copying C:\ProgramData\Titanium\mobilesdk\win32\5.2.0.GA\mobileweb\titanium/Ti/_/css.js => C:\Users\neytu\Documents\Appcelerator_Studio_Workspace\filesystem\build\mobileweb\titanium/Ti/_/css.js
[DEBUG]  Copying C:\ProgramData\Titanium\mobilesdk\win32\5.2.0.GA\mobileweb\titanium/Ti/_/declare.js => C:\Users\neytu\Documents\Appcelerator_Studio_Workspace\filesystem\build\mobileweb\titanium/Ti/_/declare.js
[DEBUG]  Copying C:\ProgramData\Titanium\mobilesdk\win32\5.2.0.GA\mobileweb\titanium/Ti/_/dom.js => C:\Users\neytu\Documents\Appcelerator_Studio_Workspace\filesystem\build\mobileweb\titanium/Ti/_/dom.js
[DEBUG]  Copying C:\ProgramData\Titanium\mobilesdk\win32\5.2.0.GA\mobileweb\titanium/Ti/_/encoding.js => C:\Users\neytu\Documents\Appcelerator_Studio_Workspace\filesystem\build\mobileweb\titanium/Ti/_/encoding.js
[DEBUG]  Copying C:\ProgramData\Titanium\mobilesdk\win32\5.2.0.GA\mobileweb\titanium/Ti/_/event.js => C:\Users\neytu\Documents\Appcelerator_Studio_Workspace\filesystem\build\mobileweb\titanium/Ti/_/event.js
[DEBUG]  Copying C:\ProgramData\Titanium\mobilesdk\win32\5.2.0.GA\mobileweb\titanium/Ti/_/Evented.js => C:\Users\neytu\Documents\Appcelerator_Studio_Workspace\filesystem\build\mobileweb\titanium/Ti/_/Evented.js
[DEBUG]  Copying C:\ProgramData\Titanium\mobilesdk\win32\5.2.0.GA\mobileweb\titanium/Ti/_/Filesystem/Local.js => C:\Users\neytu\Documents\Appcelerator_Studio_Workspace\filesystem\build\mobileweb\titanium/Ti/_/Filesystem/Local.js
[DEBUG]  Copying C:\ProgramData\Titanium\mobilesdk\win32\5.2.0.GA\mobileweb\titanium/Ti/_/Gestures/DoubleTap.js => C:\Users\neytu\Documents\Appcelerator_Studio_Workspace\filesystem\build\mobileweb\titanium/Ti/_/Gestures/DoubleTap.js
[DEBUG]  Copying C:\ProgramData\Titanium\mobilesdk\win32\5.2.0.GA\mobileweb\titanium/Ti/_/Gestures/Dragging.js => C:\Users\neytu\Documents\Appcelerator_Studio_Workspace\filesystem\build\mobileweb\titanium/Ti/_/Gestures/Dragging.js
[DEBUG]  Copying C:\ProgramData\Titanium\mobilesdk\win32\5.2.0.GA\mobileweb\titanium/Ti/_/Gestures/LongPress.js => C:\Users\neytu\Documents\Appcelerator_Studio_Workspace\filesystem\build\mobileweb\titanium/Ti/_/Gestures/LongPress.js
[DEBUG]  Copying C:\ProgramData\Titanium\mobilesdk\win32\5.2.0.GA\mobileweb\titanium/Ti/_/Gestures/Pinch.js => C:\Users\neytu\Documents\Appcelerator_Studio_Workspace\filesystem\build\mobileweb\titanium/Ti/_/Gestures/Pinch.js
[DEBUG]  Copying C:\ProgramData\Titanium\mobilesdk\win32\5.2.0.GA\mobileweb\titanium/Ti/_/Gestures/SingleTap.js => C:\Users\neytu\Documents\Appcelerator_Studio_Workspace\filesystem\build\mobileweb\titanium/Ti/_/Gestures/SingleTap.js
[DEBUG]  Copying C:\ProgramData\Titanium\mobilesdk\win32\5.2.0.GA\mobileweb\titanium/Ti/_/Gestures/Swipe.js => C:\Users\neytu\Documents\Appcelerator_Studio_Workspace\filesystem\build\mobileweb\titanium/Ti/_/Gestures/Swipe.js
[DEBUG]  Copying C:\ProgramData\Titanium\mobilesdk\win32\5.2.0.GA\mobileweb\titanium/Ti/_/Gestures/TouchCancel.js => C:\Users\neytu\Documents\Appcelerator_Studio_Workspace\filesystem\build\mobileweb\titanium/Ti/_/Gestures/TouchCancel.js
[DEBUG]  Copying C:\ProgramData\Titanium\mobilesdk\win32\5.2.0.GA\mobileweb\titanium/Ti/_/Gestures/TouchEnd.js => C:\Users\neytu\Documents\Appcelerator_Studio_Workspace\filesystem\build\mobileweb\titanium/Ti/_/Gestures/TouchEnd.js
[DEBUG]  Copying C:\ProgramData\Titanium\mobilesdk\win32\5.2.0.GA\mobileweb\titanium/Ti/_/Gestures/TouchMove.js => C:\Users\neytu\Documents\Appcelerator_Studio_Workspace\filesystem\build\mobileweb\titanium/Ti/_/Gestures/TouchMove.js
[DEBUG]  Copying C:\ProgramData\Titanium\mobilesdk\win32\5.2.0.GA\mobileweb\titanium/Ti/_/Gestures/TouchStart.js => C:\Users\neytu\Documents\Appcelerator_Studio_Workspace\filesystem\build\mobileweb\titanium/Ti/_/Gestures/TouchStart.js
[DEBUG]  Copying C:\ProgramData\Titanium\mobilesdk\win32\5.2.0.GA\mobileweb\titanium/Ti/_/Gestures/TwoFingerTap.js => C:\Users\neytu\Documents\Appcelerator_Studio_Workspace\filesystem\build\mobileweb\titanium/Ti/_/Gestures/TwoFingerTap.js
[DEBUG]  Copying C:\ProgramData\Titanium\mobilesdk\win32\5.2.0.GA\mobileweb\titanium/Ti/_/has.js => C:\Users\neytu\Documents\Appcelerator_Studio_Workspace\filesystem\build\mobileweb\titanium/Ti/_/has.js
[DEBUG]  Copying C:\ProgramData\Titanium\mobilesdk\win32\5.2.0.GA\mobileweb\titanium/Ti/_/image.js => C:\Users\neytu\Documents\Appcelerator_Studio_Workspace\filesystem\build\mobileweb\titanium/Ti/_/image.js
[DEBUG]  Copying C:\ProgramData\Titanium\mobilesdk\win32\5.2.0.GA\mobileweb\titanium/Ti/_/include.js => C:\Users\neytu\Documents\Appcelerator_Studio_Workspace\filesystem\build\mobileweb\titanium/Ti/_/include.js
[DEBUG]  Copying C:\ProgramData\Titanium\mobilesdk\win32\5.2.0.GA\mobileweb\titanium/Ti/_/lang.js => C:\Users\neytu\Documents\Appcelerator_Studio_Workspace\filesystem\build\mobileweb\titanium/Ti/_/lang.js
[DEBUG]  Copying C:\ProgramData\Titanium\mobilesdk\win32\5.2.0.GA\mobileweb\titanium/Ti/_/Layouts/Base.js => C:\Users\neytu\Documents\Appcelerator_Studio_Workspace\filesystem\build\mobileweb\titanium/Ti/_/Layouts/Base.js
[DEBUG]  Copying C:\ProgramData\Titanium\mobilesdk\win32\5.2.0.GA\mobileweb\titanium/Ti/_/Layouts/Composite.js => C:\Users\neytu\Documents\Appcelerator_Studio_Workspace\filesystem\build\mobileweb\titanium/Ti/_/Layouts/Composite.js
[DEBUG]  Copying C:\ProgramData\Titanium\mobilesdk\win32\5.2.0.GA\mobileweb\titanium/Ti/_/Layouts/ConstrainingHorizontal.js => C:\Users\neytu\Documents\Appcelerator_Studio_Workspace\filesystem\build\mobileweb\titanium/Ti/_/Layouts/ConstrainingHorizontal.js
[DEBUG]  Copying C:\ProgramData\Titanium\mobilesdk\win32\5.2.0.GA\mobileweb\titanium/Ti/_/Layouts/ConstrainingVertical.js => C:\Users\neytu\Documents\Appcelerator_Studio_Workspace\filesystem\build\mobileweb\titanium/Ti/_/Layouts/ConstrainingVertical.js
[DEBUG]  Copying C:\ProgramData\Titanium\mobilesdk\win32\5.2.0.GA\mobileweb\titanium/Ti/_/Layouts/Horizontal.js => C:\Users\neytu\Documents\Appcelerator_Studio_Workspace\filesystem\build\mobileweb\titanium/Ti/_/Layouts/Horizontal.js
[DEBUG]  Copying C:\ProgramData\Titanium\mobilesdk\win32\5.2.0.GA\mobileweb\titanium/Ti/_/Layouts/Vertical.js => C:\Users\neytu\Documents\Appcelerator_Studio_Workspace\filesystem\build\mobileweb\titanium/Ti/_/Layouts/Vertical.js
[DEBUG]  Copying C:\ProgramData\Titanium\mobilesdk\win32\5.2.0.GA\mobileweb\titanium/Ti/_/Layouts.js => C:\Users\neytu\Documents\Appcelerator_Studio_Workspace\filesystem\build\mobileweb\titanium/Ti/_/Layouts.js
[DEBUG]  Copying C:\ProgramData\Titanium\mobilesdk\win32\5.2.0.GA\mobileweb\titanium/Ti/_/Map/Google.js => C:\Users\neytu\Documents\Appcelerator_Studio_Workspace\filesystem\build\mobileweb\titanium/Ti/_/Map/Google.js
[DEBUG]  Copying C:\ProgramData\Titanium\mobilesdk\win32\5.2.0.GA\mobileweb\titanium/Ti/_/ready.js => C:\Users\neytu\Documents\Appcelerator_Studio_Workspace\filesystem\build\mobileweb\titanium/Ti/_/ready.js
[DEBUG]  Copying C:\ProgramData\Titanium\mobilesdk\win32\5.2.0.GA\mobileweb\titanium/Ti/_/string.js => C:\Users\neytu\Documents\Appcelerator_Studio_Workspace\filesystem\build\mobileweb\titanium/Ti/_/string.js
[DEBUG]  Copying C:\ProgramData\Titanium\mobilesdk\win32\5.2.0.GA\mobileweb\titanium/Ti/_/style.js => C:\Users\neytu\Documents\Appcelerator_Studio_Workspace\filesystem\build\mobileweb\titanium/Ti/_/style.js
[DEBUG]  Copying C:\ProgramData\Titanium\mobilesdk\win32\5.2.0.GA\mobileweb\titanium/Ti/_/text.js => C:\Users\neytu\Documents\Appcelerator_Studio_Workspace\filesystem\build\mobileweb\titanium/Ti/_/text.js
[DEBUG]  Copying C:\ProgramData\Titanium\mobilesdk\win32\5.2.0.GA\mobileweb\titanium/Ti/_/UI/blank.html => C:\Users\neytu\Documents\Appcelerator_Studio_Workspace\filesystem\build\mobileweb\titanium/Ti/_/UI/blank.html
[DEBUG]  Copying C:\ProgramData\Titanium\mobilesdk\win32\5.2.0.GA\mobileweb\titanium/Ti/_/UI/Element.js => C:\Users\neytu\Documents\Appcelerator_Studio_Workspace\filesystem\build\mobileweb\titanium/Ti/_/UI/Element.js
[DEBUG]  Copying C:\ProgramData\Titanium\mobilesdk\win32\5.2.0.GA\mobileweb\titanium/Ti/_/UI/FontWidget.js => C:\Users\neytu\Documents\Appcelerator_Studio_Workspace\filesystem\build\mobileweb\titanium/Ti/_/UI/FontWidget.js
[DEBUG]  Copying C:\ProgramData\Titanium\mobilesdk\win32\5.2.0.GA\mobileweb\titanium/Ti/_/UI/KineticScrollView.js => C:\Users\neytu\Documents\Appcelerator_Studio_Workspace\filesystem\build\mobileweb\titanium/Ti/_/UI/KineticScrollView.js
[DEBUG]  Copying C:\ProgramData\Titanium\mobilesdk\win32\5.2.0.GA\mobileweb\titanium/Ti/_/UI/SuperView.js => C:\Users\neytu\Documents\Appcelerator_Studio_Workspace\filesystem\build\mobileweb\titanium/Ti/_/UI/SuperView.js
[DEBUG]  Copying C:\ProgramData\Titanium\mobilesdk\win32\5.2.0.GA\mobileweb\titanium/Ti/_/UI/TextBox.js => C:\Users\neytu\Documents\Appcelerator_Studio_Workspace\filesystem\build\mobileweb\titanium/Ti/_/UI/TextBox.js
[DEBUG]  Copying C:\ProgramData\Titanium\mobilesdk\win32\5.2.0.GA\mobileweb\titanium/Ti/_/UI/WebViewBridge.js => C:\Users\neytu\Documents\Appcelerator_Studio_Workspace\filesystem\build\mobileweb\titanium/Ti/_/UI/WebViewBridge.js
[DEBUG]  Copying C:\ProgramData\Titanium\mobilesdk\win32\5.2.0.GA\mobileweb\titanium/Ti/_/UI/Widget.js => C:\Users\neytu\Documents\Appcelerator_Studio_Workspace\filesystem\build\mobileweb\titanium/Ti/_/UI/Widget.js
[DEBUG]  Copying C:\ProgramData\Titanium\mobilesdk\win32\5.2.0.GA\mobileweb\titanium/Ti/_.js => C:\Users\neytu\Documents\Appcelerator_Studio_Workspace\filesystem\build\mobileweb\titanium/Ti/_.js
[DEBUG]  Copying C:\ProgramData\Titanium\mobilesdk\win32\5.2.0.GA\mobileweb\titanium/Ti.js => C:\Users\neytu\Documents\Appcelerator_Studio_Workspace\filesystem\build\mobileweb\titanium/Ti.js
[DEBUG]  Copying C:\ProgramData\Titanium\mobilesdk\win32\5.2.0.GA\mobileweb\themes/common.css => C:\Users\neytu\Documents\Appcelerator_Studio_Workspace\filesystem\build\mobileweb\themes/common.css
[DEBUG]  Copying C:\ProgramData\Titanium\mobilesdk\win32\5.2.0.GA\mobileweb\themes/default/default.css => C:\Users\neytu\Documents\Appcelerator_Studio_Workspace\filesystem\build\mobileweb\themes/default/default.css
[DEBUG]  Copying C:\ProgramData\Titanium\mobilesdk\win32\5.2.0.GA\mobileweb\themes/default/Facebook/login.png => C:\Users\neytu\Documents\Appcelerator_Studio_Workspace\filesystem\build\mobileweb\themes/default/Facebook/login.png
[DEBUG]  Copying C:\ProgramData\Titanium\mobilesdk\win32\5.2.0.GA\mobileweb\themes/default/Facebook/loginPressed.png => C:\Users\neytu\Documents\Appcelerator_Studio_Workspace\filesystem\build\mobileweb\themes/default/Facebook/loginPressed.png
[DEBUG]  Copying C:\ProgramData\Titanium\mobilesdk\win32\5.2.0.GA\mobileweb\themes/default/Facebook/loginWide.png => C:\Users\neytu\Documents\Appcelerator_Studio_Workspace\filesystem\build\mobileweb\themes/default/Facebook/loginWide.png
[DEBUG]  Copying C:\ProgramData\Titanium\mobilesdk\win32\5.2.0.GA\mobileweb\themes/default/Facebook/loginWidePressed.png => C:\Users\neytu\Documents\Appcelerator_Studio_Workspace\filesystem\build\mobileweb\themes/default/Facebook/loginWidePressed.png
[DEBUG]  Copying C:\ProgramData\Titanium\mobilesdk\win32\5.2.0.GA\mobileweb\themes/default/Facebook/logout.png => C:\Users\neytu\Documents\Appcelerator_Studio_Workspace\filesystem\build\mobileweb\themes/default/Facebook/logout.png
[DEBUG]  Copying C:\ProgramData\Titanium\mobilesdk\win32\5.2.0.GA\mobileweb\themes/default/Facebook/logoutPressed.png => C:\Users\neytu\Documents\Appcelerator_Studio_Workspace\filesystem\build\mobileweb\themes/default/Facebook/logoutPressed.png
[DEBUG]  Copying C:\ProgramData\Titanium\mobilesdk\win32\5.2.0.GA\mobileweb\themes/default/Map/location.png => C:\Users\neytu\Documents\Appcelerator_Studio_Workspace\filesystem\build\mobileweb\themes/default/Map/location.png
[DEBUG]  Copying C:\ProgramData\Titanium\mobilesdk\win32\5.2.0.GA\mobileweb\themes/default/Map/marker_green.png => C:\Users\neytu\Documents\Appcelerator_Studio_Workspace\filesystem\build\mobileweb\themes/default/Map/marker_green.png
[DEBUG]  Copying C:\ProgramData\Titanium\mobilesdk\win32\5.2.0.GA\mobileweb\themes/default/Map/marker_purple.png => C:\Users\neytu\Documents\Appcelerator_Studio_Workspace\filesystem\build\mobileweb\themes/default/Map/marker_purple.png
[DEBUG]  Copying C:\ProgramData\Titanium\mobilesdk\win32\5.2.0.GA\mobileweb\themes/default/Map/marker_red.png => C:\Users\neytu\Documents\Appcelerator_Studio_Workspace\filesystem\build\mobileweb\themes/default/Map/marker_red.png
[DEBUG]  Copying C:\ProgramData\Titanium\mobilesdk\win32\5.2.0.GA\mobileweb\themes/default/UI/TableViewRow/check.png => C:\Users\neytu\Documents\Appcelerator_Studio_Workspace\filesystem\build\mobileweb\themes/default/UI/TableViewRow/check.png
[DEBUG]  Copying C:\ProgramData\Titanium\mobilesdk\win32\5.2.0.GA\mobileweb\themes/default/UI/TableViewRow/child.png => C:\Users\neytu\Documents\Appcelerator_Studio_Workspace\filesystem\build\mobileweb\themes/default/UI/TableViewRow/child.png
[DEBUG]  Copying C:\ProgramData\Titanium\mobilesdk\win32\5.2.0.GA\mobileweb\themes/default/UI/TableViewRow/detail.png => C:\Users\neytu\Documents\Appcelerator_Studio_Workspace\filesystem\build\mobileweb\themes/default/UI/TableViewRow/detail.png
[DEBUG]  Copying C:\ProgramData\Titanium\mobilesdk\win32\5.2.0.GA\mobileweb\themes/default/UI/TableViewRow/detailActive.png => C:\Users\neytu\Documents\Appcelerator_Studio_Workspace\filesystem\build\mobileweb\themes/default/UI/TableViewRow/detailActive.png
[DEBUG]  Copying C:\Users\neytu\Documents\Appcelerator_Studio_Workspace\filesystem\Resources/app.js => C:\Users\neytu\Documents\Appcelerator_Studio_Workspace\filesystem\build\mobileweb/app.js
[DEBUG]  Copying C:\Users\neytu\Documents\Appcelerator_Studio_Workspace\filesystem\Resources/KS_nav_ui.png => C:\Users\neytu\Documents\Appcelerator_Studio_Workspace\filesystem\build\mobileweb/KS_nav_ui.png
[DEBUG]  Copying C:\Users\neytu\Documents\Appcelerator_Studio_Workspace\filesystem\Resources/KS_nav_views.png => C:\Users\neytu\Documents\Appcelerator_Studio_Workspace\filesystem\build\mobileweb/KS_nav_views.png
[DEBUG]  Copying C:\Users\neytu\Documents\Appcelerator_Studio_Workspace\filesystem\Resources/ui/common/FirstView.js => C:\Users\neytu\Documents\Appcelerator_Studio_Workspace\filesystem\build\mobileweb/ui/common/FirstView.js
[DEBUG]  Copying C:\Users\neytu\Documents\Appcelerator_Studio_Workspace\filesystem\Resources/ui/fileSystem.js => C:\Users\neytu\Documents\Appcelerator_Studio_Workspace\filesystem\build\mobileweb/ui/fileSystem.js
[DEBUG]  Copying C:\Users\neytu\Documents\Appcelerator_Studio_Workspace\filesystem\Resources/ui/handheld/android/ApplicationWindow.js => C:\Users\neytu\Documents\Appcelerator_Studio_Workspace\filesystem\build\mobileweb/ui/handheld/android/ApplicationWindow.js
[DEBUG]  Copying C:\Users\neytu\Documents\Appcelerator_Studio_Workspace\filesystem\Resources/ui/handheld/ApplicationWindow.js => C:\Users\neytu\Documents\Appcelerator_Studio_Workspace\filesystem\build\mobileweb/ui/handheld/ApplicationWindow.js
[DEBUG]  Copying C:\Users\neytu\Documents\Appcelerator_Studio_Workspace\filesystem\Resources/ui/tablet/ApplicationWindow.js => C:\Users\neytu\Documents\Appcelerator_Studio_Workspace\filesystem\build\mobileweb/ui/tablet/ApplicationWindow.js
[DEBUG]  Copying C:\Users\neytu\Documents\Appcelerator_Studio_Workspace\filesystem\Resources\mobileweb/appicon.png => C:\Users\neytu\Documents\Appcelerator_Studio_Workspace\filesystem\build\mobileweb/appicon.png
[DEBUG]  Copiando C:\Users\neytu\Documents\Appcelerator_Studio_Workspace\filesystem\Resources\mobileweb\apple_startup_images\Default.png => C:\Users\neytu\Documents\Appcelerator_Studio_Workspace\filesystem\build\mobileweb\Default.png
[DEBUG]  Copiando C:\Users\neytu\Documents\Appcelerator_Studio_Workspace\filesystem\Resources\mobileweb\apple_startup_images\Default-Portrait.png => C:\Users\neytu\Documents\Appcelerator_Studio_Workspace\filesystem\build\mobileweb\Default-Portrait.png
[DEBUG]  Copiando C:\Users\neytu\Documents\Appcelerator_Studio_Workspace\filesystem\Resources\mobileweb\apple_startup_images\Default-Landscape.png => C:\Users\neytu\Documents\Appcelerator_Studio_Workspace\filesystem\build\mobileweb\Default-Landscape.png
[INFO]   Finding all Titanium API dependencies
[INFO]   Creating favicon and Apple touch icons
[DEBUG]  Copiando C:\Users\neytu\Documents\Appcelerator_Studio_Workspace\filesystem\Resources\mobileweb\appicon.png => C:\Users\neytu\Documents\Appcelerator_Studio_Workspace\filesystem\build\mobileweb\appicon.png
[TRACE]  Resizing images: java -jar "C:\ProgramData\Titanium\mobilesdk\win32\5.2.0.GA\node_modules\node-appc\tools\resizer\resizer.jar" "C:\Users\neytu\Documents\Appcelerator_Studio_Workspace\filesystem\Resources\mobileweb\appicon.png" "C:\Users\neytu\Documents\Appcelerator_Studio_Workspace\filesystem\build\mobileweb\favicon.png" 16 16 "C:\Users\neytu\Documents\Appcelerator_Studio_Workspace\filesystem\build\mobileweb\apple-touch-icon-precomposed.png" 57 57 "C:\Users\neytu\Documents\Appcelerator_Studio_Workspace\filesystem\build\mobileweb\apple-touch-icon-57x57-precomposed.png" 57 57 "C:\Users\neytu\Documents\Appcelerator_Studio_Workspace\filesystem\build\mobileweb\apple-touch-icon-72x72-precomposed.png" 72 72 "C:\Users\neytu\Documents\Appcelerator_Studio_Workspace\filesystem\build\mobileweb\apple-touch-icon-114x114-precomposed.png" 114 114 "C:\Users\neytu\Documents\Appcelerator_Studio_Workspace\filesystem\build\mobileweb\appicon144.png" 144 144
[INFO]   Finding all required modules to be cached
[INFO]   Finding all precached modules
[INFO]   Finding all precached images
[INFO]   Bundling Titanium Mobile Module ti.cloud
[DEBUG]  Compiling localization files
[DEBUG]  Processing i18n file: en/strings.xml
[DEBUG]  Processing i18n file: ja/strings.xml
[INFO]   Finding all distinct cached modules
[INFO]   Found 113 dependencies, 2 packages, 113 modules
[INFO]   Assembling titanium.js
[INFO]   Processing splash screen
[INFO]   Assembling titanium.css
[INFO]   Analyzing JavaScript
[DEBUG]  Analyzing C:\Users\neytu\Documents\Appcelerator_Studio_Workspace\filesystem\build\mobileweb\app.js
[DEBUG]  Analyzing C:\Users\neytu\Documents\Appcelerator_Studio_Workspace\filesystem\build\mobileweb\modules\ti.cloud\example\app.js
[DEBUG]  Analyzing C:\Users\neytu\Documents\Appcelerator_Studio_Workspace\filesystem\build\mobileweb\modules\ti.cloud\example\helper\Utils.js
[DEBUG]  Analyzing C:\Users\neytu\Documents\Appcelerator_Studio_Workspace\filesystem\build\mobileweb\modules\ti.cloud\example\helper\WindowManager.js
[DEBUG]  Analyzing C:\Users\neytu\Documents\Appcelerator_Studio_Workspace\filesystem\build\mobileweb\modules\ti.cloud\example\windows\accessControlLists\checkUser.js
[DEBUG]  Analyzing C:\Users\neytu\Documents\Appcelerator_Studio_Workspace\filesystem\build\mobileweb\modules\ti.cloud\example\windows\accessControlLists\create.js
[DEBUG]  Analyzing C:\Users\neytu\Documents\Appcelerator_Studio_Workspace\filesystem\build\mobileweb\modules\ti.cloud\example\windows\accessControlLists\selectUsers.js
[DEBUG]  Analyzing C:\Users\neytu\Documents\Appcelerator_Studio_Workspace\filesystem\build\mobileweb\modules\ti.cloud\example\windows\accessControlLists\show.js
[DEBUG]  Analyzing C:\Users\neytu\Documents\Appcelerator_Studio_Workspace\filesystem\build\mobileweb\modules\ti.cloud\example\windows\accessControlLists\table.js
[DEBUG]  Analyzing C:\Users\neytu\Documents\Appcelerator_Studio_Workspace\filesystem\build\mobileweb\modules\ti.cloud\example\windows\accessControlLists\updateUsers.js
[DEBUG]  Analyzing C:\Users\neytu\Documents\Appcelerator_Studio_Workspace\filesystem\build\mobileweb\modules\ti.cloud\example\windows\chats\query.js
[DEBUG]  Analyzing C:\Users\neytu\Documents\Appcelerator_Studio_Workspace\filesystem\build\mobileweb\modules\ti.cloud\example\windows\chats\selectUsersForGroup.js
[DEBUG]  Analyzing C:\Users\neytu\Documents\Appcelerator_Studio_Workspace\filesystem\build\mobileweb\modules\ti.cloud\example\windows\chats\showChatGroup.js
[DEBUG]  Analyzing C:\Users\neytu\Documents\Appcelerator_Studio_Workspace\filesystem\build\mobileweb\modules\ti.cloud\example\windows\chats\table.js
[DEBUG]  Analyzing C:\Users\neytu\Documents\Appcelerator_Studio_Workspace\filesystem\build\mobileweb\modules\ti.cloud\example\windows\checkins\create.js
[DEBUG]  Analyzing C:\Users\neytu\Documents\Appcelerator_Studio_Workspace\filesystem\build\mobileweb\modules\ti.cloud\example\windows\checkins\query.js
[DEBUG]  Analyzing C:\Users\neytu\Documents\Appcelerator_Studio_Workspace\filesystem\build\mobileweb\modules\ti.cloud\example\windows\checkins\remove.js
[DEBUG]  Analyzing C:\Users\neytu\Documents\Appcelerator_Studio_Workspace\filesystem\build\mobileweb\modules\ti.cloud\example\windows\checkins\show.js
[DEBUG]  Analyzing C:\Users\neytu\Documents\Appcelerator_Studio_Workspace\filesystem\build\mobileweb\modules\ti.cloud\example\windows\checkins\table.js
[DEBUG]  Analyzing C:\Users\neytu\Documents\Appcelerator_Studio_Workspace\filesystem\build\mobileweb\modules\ti.cloud\example\windows\clients\geolocateMe.js
[DEBUG]  Analyzing C:\Users\neytu\Documents\Appcelerator_Studio_Workspace\filesystem\build\mobileweb\modules\ti.cloud\example\windows\clients\geolocateParticular.js
[DEBUG]  Analyzing C:\Users\neytu\Documents\Appcelerator_Studio_Workspace\filesystem\build\mobileweb\modules\ti.cloud\example\windows\clients\table.js
[DEBUG]  Analyzing C:\Users\neytu\Documents\Appcelerator_Studio_Workspace\filesystem\build\mobileweb\modules\ti.cloud\example\windows\customObjects\create.js
[DEBUG]  Analyzing C:\Users\neytu\Documents\Appcelerator_Studio_Workspace\filesystem\build\mobileweb\modules\ti.cloud\example\windows\customObjects\query.js
[DEBUG]  Analyzing C:\Users\neytu\Documents\Appcelerator_Studio_Workspace\filesystem\build\mobileweb\modules\ti.cloud\example\windows\customObjects\remove.js
[DEBUG]  Analyzing C:\Users\neytu\Documents\Appcelerator_Studio_Workspace\filesystem\build\mobileweb\modules\ti.cloud\example\windows\customObjects\table.js
[DEBUG]  Analyzing C:\Users\neytu\Documents\Appcelerator_Studio_Workspace\filesystem\build\mobileweb\modules\ti.cloud\example\windows\customObjects\update.js
[DEBUG]  Analyzing C:\Users\neytu\Documents\Appcelerator_Studio_Workspace\filesystem\build\mobileweb\modules\ti.cloud\example\windows\emails\table.js
[DEBUG]  Analyzing C:\Users\neytu\Documents\Appcelerator_Studio_Workspace\filesystem\build\mobileweb\modules\ti.cloud\example\windows\events\create.js
[DEBUG]  Analyzing C:\Users\neytu\Documents\Appcelerator_Studio_Workspace\filesystem\build\mobileweb\modules\ti.cloud\example\windows\events\query.js
[DEBUG]  Analyzing C:\Users\neytu\Documents\Appcelerator_Studio_Workspace\filesystem\build\mobileweb\modules\ti.cloud\example\windows\events\queryOccurrences.js
[DEBUG]  Analyzing C:\Users\neytu\Documents\Appcelerator_Studio_Workspace\filesystem\build\mobileweb\modules\ti.cloud\example\windows\events\remove.js
[DEBUG]  Analyzing C:\Users\neytu\Documents\Appcelerator_Studio_Workspace\filesystem\build\mobileweb\modules\ti.cloud\example\windows\events\search.js
[DEBUG]  Analyzing C:\Users\neytu\Documents\Appcelerator_Studio_Workspace\filesystem\build\mobileweb\modules\ti.cloud\example\windows\events\searchOccurrences.js
[DEBUG]  Analyzing C:\Users\neytu\Documents\Appcelerator_Studio_Workspace\filesystem\build\mobileweb\modules\ti.cloud\example\windows\events\show.js
[DEBUG]  Analyzing C:\Users\neytu\Documents\Appcelerator_Studio_Workspace\filesystem\build\mobileweb\modules\ti.cloud\example\windows\events\showOccurrences.js
[DEBUG]  Analyzing C:\Users\neytu\Documents\Appcelerator_Studio_Workspace\filesystem\build\mobileweb\modules\ti.cloud\example\windows\events\table.js
[DEBUG]  Analyzing C:\Users\neytu\Documents\Appcelerator_Studio_Workspace\filesystem\build\mobileweb\modules\ti.cloud\example\windows\events\update.js
[DEBUG]  Analyzing C:\Users\neytu\Documents\Appcelerator_Studio_Workspace\filesystem\build\mobileweb\modules\ti.cloud\example\windows\files\create.js
[DEBUG]  Analyzing C:\Users\neytu\Documents\Appcelerator_Studio_Workspace\filesystem\build\mobileweb\modules\ti.cloud\example\windows\files\query.js
[DEBUG]  Analyzing C:\Users\neytu\Documents\Appcelerator_Studio_Workspace\filesystem\build\mobileweb\modules\ti.cloud\example\windows\files\remove.js
[DEBUG]  Analyzing C:\Users\neytu\Documents\Appcelerator_Studio_Workspace\filesystem\build\mobileweb\modules\ti.cloud\example\windows\files\show.js
[DEBUG]  Analyzing C:\Users\neytu\Documents\Appcelerator_Studio_Workspace\filesystem\build\mobileweb\modules\ti.cloud\example\windows\files\table.js
[DEBUG]  Analyzing C:\Users\neytu\Documents\Appcelerator_Studio_Workspace\filesystem\build\mobileweb\modules\ti.cloud\example\windows\files\update.js
[DEBUG]  Analyzing C:\Users\neytu\Documents\Appcelerator_Studio_Workspace\filesystem\build\mobileweb\modules\ti.cloud\example\windows\friends\add.js
[DEBUG]  Analyzing C:\Users\neytu\Documents\Appcelerator_Studio_Workspace\filesystem\build\mobileweb\modules\ti.cloud\example\windows\friends\approve.js
[DEBUG]  Analyzing C:\Users\neytu\Documents\Appcelerator_Studio_Workspace\filesystem\build\mobileweb\modules\ti.cloud\example\windows\friends\remove.js
[DEBUG]  Analyzing C:\Users\neytu\Documents\Appcelerator_Studio_Workspace\filesystem\build\mobileweb\modules\ti.cloud\example\windows\friends\search.js
[DEBUG]  Analyzing C:\Users\neytu\Documents\Appcelerator_Studio_Workspace\filesystem\build\mobileweb\modules\ti.cloud\example\windows\friends\searchUsers.js
[DEBUG]  Analyzing C:\Users\neytu\Documents\Appcelerator_Studio_Workspace\filesystem\build\mobileweb\modules\ti.cloud\example\windows\friends\table.js
[DEBUG]  Analyzing C:\Users\neytu\Documents\Appcelerator_Studio_Workspace\filesystem\build\mobileweb\modules\ti.cloud\example\windows\genericSendRequest.js
[DEBUG]  Analyzing C:\Users\neytu\Documents\Appcelerator_Studio_Workspace\filesystem\build\mobileweb\modules\ti.cloud\example\windows\geoFences\create.js
[DEBUG]  Analyzing C:\Users\neytu\Documents\Appcelerator_Studio_Workspace\filesystem\build\mobileweb\modules\ti.cloud\example\windows\geoFences\query.js
[DEBUG]  Analyzing C:\Users\neytu\Documents\Appcelerator_Studio_Workspace\filesystem\build\mobileweb\modules\ti.cloud\example\windows\geoFences\remove.js
[DEBUG]  Analyzing C:\Users\neytu\Documents\Appcelerator_Studio_Workspace\filesystem\build\mobileweb\modules\ti.cloud\example\windows\geoFences\table.js
[DEBUG]  Analyzing C:\Users\neytu\Documents\Appcelerator_Studio_Workspace\filesystem\build\mobileweb\modules\ti.cloud\example\windows\geoFences\update.js
[DEBUG]  Analyzing C:\Users\neytu\Documents\Appcelerator_Studio_Workspace\filesystem\build\mobileweb\modules\ti.cloud\example\windows\keyValues\table.js
[DEBUG]  Analyzing C:\Users\neytu\Documents\Appcelerator_Studio_Workspace\filesystem\build\mobileweb\modules\ti.cloud\example\windows\likes\create.js
[DEBUG]  Analyzing C:\Users\neytu\Documents\Appcelerator_Studio_Workspace\filesystem\build\mobileweb\modules\ti.cloud\example\windows\likes\remove.js
[DEBUG]  Analyzing C:\Users\neytu\Documents\Appcelerator_Studio_Workspace\filesystem\build\mobileweb\modules\ti.cloud\example\windows\likes\table.js
[DEBUG]  Analyzing C:\Users\neytu\Documents\Appcelerator_Studio_Workspace\filesystem\build\mobileweb\modules\ti.cloud\example\windows\messages\create.js
[DEBUG]  Analyzing C:\Users\neytu\Documents\Appcelerator_Studio_Workspace\filesystem\build\mobileweb\modules\ti.cloud\example\windows\messages\remove.js
[DEBUG]  Analyzing C:\Users\neytu\Documents\Appcelerator_Studio_Workspace\filesystem\build\mobileweb\modules\ti.cloud\example\windows\messages\removeThread.js
[DEBUG]  Analyzing C:\Users\neytu\Documents\Appcelerator_Studio_Workspace\filesystem\build\mobileweb\modules\ti.cloud\example\windows\messages\reply.js
[DEBUG]  Analyzing C:\Users\neytu\Documents\Appcelerator_Studio_Workspace\filesystem\build\mobileweb\modules\ti.cloud\example\windows\messages\selectUsers.js
[DEBUG]  Analyzing C:\Users\neytu\Documents\Appcelerator_Studio_Workspace\filesystem\build\mobileweb\modules\ti.cloud\example\windows\messages\show.js
[DEBUG]  Analyzing C:\Users\neytu\Documents\Appcelerator_Studio_Workspace\filesystem\build\mobileweb\modules\ti.cloud\example\windows\messages\showInbox.js
[DEBUG]  Analyzing C:\Users\neytu\Documents\Appcelerator_Studio_Workspace\filesystem\build\mobileweb\modules\ti.cloud\example\windows\messages\showSent.js
[DEBUG]  Analyzing C:\Users\neytu\Documents\Appcelerator_Studio_Workspace\filesystem\build\mobileweb\modules\ti.cloud\example\windows\messages\showThreadMessages.js
[DEBUG]  Analyzing C:\Users\neytu\Documents\Appcelerator_Studio_Workspace\filesystem\build\mobileweb\modules\ti.cloud\example\windows\messages\showThreads.js
[DEBUG]  Analyzing C:\Users\neytu\Documents\Appcelerator_Studio_Workspace\filesystem\build\mobileweb\modules\ti.cloud\example\windows\messages\table.js
[DEBUG]  Analyzing C:\Users\neytu\Documents\Appcelerator_Studio_Workspace\filesystem\build\mobileweb\modules\ti.cloud\example\windows\photoCollections\create.js
[DEBUG]  Analyzing C:\Users\neytu\Documents\Appcelerator_Studio_Workspace\filesystem\build\mobileweb\modules\ti.cloud\example\windows\photoCollections\remove.js
[DEBUG]  Analyzing C:\Users\neytu\Documents\Appcelerator_Studio_Workspace\filesystem\build\mobileweb\modules\ti.cloud\example\windows\photoCollections\search.js
[DEBUG]  Analyzing C:\Users\neytu\Documents\Appcelerator_Studio_Workspace\filesystem\build\mobileweb\modules\ti.cloud\example\windows\photoCollections\show.js
[DEBUG]  Analyzing C:\Users\neytu\Documents\Appcelerator_Studio_Workspace\filesystem\build\mobileweb\modules\ti.cloud\example\windows\photoCollections\showPhotos.js
[DEBUG]  Analyzing C:\Users\neytu\Documents\Appcelerator_Studio_Workspace\filesystem\build\mobileweb\modules\ti.cloud\example\windows\photoCollections\showSubcollections.js
[DEBUG]  Analyzing C:\Users\neytu\Documents\Appcelerator_Studio_Workspace\filesystem\build\mobileweb\modules\ti.cloud\example\windows\photoCollections\table.js
[DEBUG]  Analyzing C:\Users\neytu\Documents\Appcelerator_Studio_Workspace\filesystem\build\mobileweb\modules\ti.cloud\example\windows\photoCollections\update.js
[DEBUG]  Analyzing C:\Users\neytu\Documents\Appcelerator_Studio_Workspace\filesystem\build\mobileweb\modules\ti.cloud\example\windows\photos\create.js
[DEBUG]  Analyzing C:\Users\neytu\Documents\Appcelerator_Studio_Workspace\filesystem\build\mobileweb\modules\ti.cloud\example\windows\photos\query.js
[DEBUG]  Analyzing C:\Users\neytu\Documents\Appcelerator_Studio_Workspace\filesystem\build\mobileweb\modules\ti.cloud\example\windows\photos\remove.js
[DEBUG]  Analyzing C:\Users\neytu\Documents\Appcelerator_Studio_Workspace\filesystem\build\mobileweb\modules\ti.cloud\example\windows\photos\search.js
[DEBUG]  Analyzing C:\Users\neytu\Documents\Appcelerator_Studio_Workspace\filesystem\build\mobileweb\modules\ti.cloud\example\windows\photos\show.js
[DEBUG]  Analyzing C:\Users\neytu\Documents\Appcelerator_Studio_Workspace\filesystem\build\mobileweb\modules\ti.cloud\example\windows\photos\table.js
[DEBUG]  Analyzing C:\Users\neytu\Documents\Appcelerator_Studio_Workspace\filesystem\build\mobileweb\modules\ti.cloud\example\windows\photos\update.js
[DEBUG]  Analyzing C:\Users\neytu\Documents\Appcelerator_Studio_Workspace\filesystem\build\mobileweb\modules\ti.cloud\example\windows\places\create.js
[DEBUG]  Analyzing C:\Users\neytu\Documents\Appcelerator_Studio_Workspace\filesystem\build\mobileweb\modules\ti.cloud\example\windows\places\query.js
[DEBUG]  Analyzing C:\Users\neytu\Documents\Appcelerator_Studio_Workspace\filesystem\build\mobileweb\modules\ti.cloud\example\windows\places\remove.js
[DEBUG]  Analyzing C:\Users\neytu\Documents\Appcelerator_Studio_Workspace\filesystem\build\mobileweb\modules\ti.cloud\example\windows\places\search.js
[DEBUG]  Analyzing C:\Users\neytu\Documents\Appcelerator_Studio_Workspace\filesystem\build\mobileweb\modules\ti.cloud\example\windows\places\show.js
[DEBUG]  Analyzing C:\Users\neytu\Documents\Appcelerator_Studio_Workspace\filesystem\build\mobileweb\modules\ti.cloud\example\windows\places\table.js
[DEBUG]  Analyzing C:\Users\neytu\Documents\Appcelerator_Studio_Workspace\filesystem\build\mobileweb\modules\ti.cloud\example\windows\places\update.js
[DEBUG]  Analyzing C:\Users\neytu\Documents\Appcelerator_Studio_Workspace\filesystem\build\mobileweb\modules\ti.cloud\example\windows\posts\create.js
[DEBUG]  Analyzing C:\Users\neytu\Documents\Appcelerator_Studio_Workspace\filesystem\build\mobileweb\modules\ti.cloud\example\windows\posts\query.js
[DEBUG]  Analyzing C:\Users\neytu\Documents\Appcelerator_Studio_Workspace\filesystem\build\mobileweb\modules\ti.cloud\example\windows\posts\remove.js
[DEBUG]  Analyzing C:\Users\neytu\Documents\Appcelerator_Studio_Workspace\filesystem\build\mobileweb\modules\ti.cloud\example\windows\posts\show.js
[DEBUG]  Analyzing C:\Users\neytu\Documents\Appcelerator_Studio_Workspace\filesystem\build\mobileweb\modules\ti.cloud\example\windows\posts\table.js
[DEBUG]  Analyzing C:\Users\neytu\Documents\Appcelerator_Studio_Workspace\filesystem\build\mobileweb\modules\ti.cloud\example\windows\posts\update.js
[DEBUG]  Analyzing C:\Users\neytu\Documents\Appcelerator_Studio_Workspace\filesystem\build\mobileweb\modules\ti.cloud\example\windows\pushNotifications\notify.js
[DEBUG]  Analyzing C:\Users\neytu\Documents\Appcelerator_Studio_Workspace\filesystem\build\mobileweb\modules\ti.cloud\example\windows\pushNotifications\notifyTokens.js
[DEBUG]  Analyzing C:\Users\neytu\Documents\Appcelerator_Studio_Workspace\filesystem\build\mobileweb\modules\ti.cloud\example\windows\pushNotifications\pushManager.js
[DEBUG]  Analyzing C:\Users\neytu\Documents\Appcelerator_Studio_Workspace\filesystem\build\mobileweb\modules\ti.cloud\example\windows\pushNotifications\query.js
[DEBUG]  Analyzing C:\Users\neytu\Documents\Appcelerator_Studio_Workspace\filesystem\build\mobileweb\modules\ti.cloud\example\windows\pushNotifications\queryChannels.js
[DEBUG]  Analyzing C:\Users\neytu\Documents\Appcelerator_Studio_Workspace\filesystem\build\mobileweb\modules\ti.cloud\example\windows\pushNotifications\resetBadge.js
[DEBUG]  Analyzing C:\Users\neytu\Documents\Appcelerator_Studio_Workspace\filesystem\build\mobileweb\modules\ti.cloud\example\windows\pushNotifications\setBadge.js
[DEBUG]  Analyzing C:\Users\neytu\Documents\Appcelerator_Studio_Workspace\filesystem\build\mobileweb\modules\ti.cloud\example\windows\pushNotifications\settings.js
[DEBUG]  Analyzing C:\Users\neytu\Documents\Appcelerator_Studio_Workspace\filesystem\build\mobileweb\modules\ti.cloud\example\windows\pushNotifications\showChannels.js
[DEBUG]  Analyzing C:\Users\neytu\Documents\Appcelerator_Studio_Workspace\filesystem\build\mobileweb\modules\ti.cloud\example\windows\pushNotifications\subscribe.js
[DEBUG]  Analyzing C:\Users\neytu\Documents\Appcelerator_Studio_Workspace\filesystem\build\mobileweb\modules\ti.cloud\example\windows\pushNotifications\subscribeToken.js
[DEBUG]  Analyzing C:\Users\neytu\Documents\Appcelerator_Studio_Workspace\filesystem\build\mobileweb\modules\ti.cloud\example\windows\pushNotifications\table.js
[DEBUG]  Analyzing C:\Users\neytu\Documents\Appcelerator_Studio_Workspace\filesystem\build\mobileweb\modules\ti.cloud\example\windows\pushNotifications\unsubscribe.js
[DEBUG]  Analyzing C:\Users\neytu\Documents\Appcelerator_Studio_Workspace\filesystem\build\mobileweb\modules\ti.cloud\example\windows\pushNotifications\unsubscribeToken.js
[DEBUG]  Analyzing C:\Users\neytu\Documents\Appcelerator_Studio_Workspace\filesystem\build\mobileweb\modules\ti.cloud\example\windows\pushNotifications\updateSubscription.js
[DEBUG]  Analyzing C:\Users\neytu\Documents\Appcelerator_Studio_Workspace\filesystem\build\mobileweb\modules\ti.cloud\example\windows\pushSchedules\create.js
[DEBUG]  Analyzing C:\Users\neytu\Documents\Appcelerator_Studio_Workspace\filesystem\build\mobileweb\modules\ti.cloud\example\windows\pushSchedules\query.js
[DEBUG]  Analyzing C:\Users\neytu\Documents\Appcelerator_Studio_Workspace\filesystem\build\mobileweb\modules\ti.cloud\example\windows\pushSchedules\remove.js
[DEBUG]  Analyzing C:\Users\neytu\Documents\Appcelerator_Studio_Workspace\filesystem\build\mobileweb\modules\ti.cloud\example\windows\pushSchedules\table.js
[DEBUG]  Analyzing C:\Users\neytu\Documents\Appcelerator_Studio_Workspace\filesystem\build\mobileweb\modules\ti.cloud\example\windows\reviews\create.js
[DEBUG]  Analyzing C:\Users\neytu\Documents\Appcelerator_Studio_Workspace\filesystem\build\mobileweb\modules\ti.cloud\example\windows\reviews\query.js
[DEBUG]  Analyzing C:\Users\neytu\Documents\Appcelerator_Studio_Workspace\filesystem\build\mobileweb\modules\ti.cloud\example\windows\reviews\remove.js
[DEBUG]  Analyzing C:\Users\neytu\Documents\Appcelerator_Studio_Workspace\filesystem\build\mobileweb\modules\ti.cloud\example\windows\reviews\show.js
[DEBUG]  Analyzing C:\Users\neytu\Documents\Appcelerator_Studio_Workspace\filesystem\build\mobileweb\modules\ti.cloud\example\windows\reviews\table.js
[DEBUG]  Analyzing C:\Users\neytu\Documents\Appcelerator_Studio_Workspace\filesystem\build\mobileweb\modules\ti.cloud\example\windows\reviews\update.js
[DEBUG]  Analyzing C:\Users\neytu\Documents\Appcelerator_Studio_Workspace\filesystem\build\mobileweb\modules\ti.cloud\example\windows\social\externalLink.js
[DEBUG]  Analyzing C:\Users\neytu\Documents\Appcelerator_Studio_Workspace\filesystem\build\mobileweb\modules\ti.cloud\example\windows\social\externalLogin.js
[DEBUG]  Analyzing C:\Users\neytu\Documents\Appcelerator_Studio_Workspace\filesystem\build\mobileweb\modules\ti.cloud\example\windows\social\externalUnlink.js
[DEBUG]  Analyzing C:\Users\neytu\Documents\Appcelerator_Studio_Workspace\filesystem\build\mobileweb\modules\ti.cloud\example\windows\social\searchFacebookFriends.js
[DEBUG]  Analyzing C:\Users\neytu\Documents\Appcelerator_Studio_Workspace\filesystem\build\mobileweb\modules\ti.cloud\example\windows\social\table.js
[DEBUG]  Analyzing C:\Users\neytu\Documents\Appcelerator_Studio_Workspace\filesystem\build\mobileweb\modules\ti.cloud\example\windows\status\create.js
[DEBUG]  Analyzing C:\Users\neytu\Documents\Appcelerator_Studio_Workspace\filesystem\build\mobileweb\modules\ti.cloud\example\windows\status\query.js
[DEBUG]  Analyzing C:\Users\neytu\Documents\Appcelerator_Studio_Workspace\filesystem\build\mobileweb\modules\ti.cloud\example\windows\status\remove.js
[DEBUG]  Analyzing C:\Users\neytu\Documents\Appcelerator_Studio_Workspace\filesystem\build\mobileweb\modules\ti.cloud\example\windows\status\search.js
[DEBUG]  Analyzing C:\Users\neytu\Documents\Appcelerator_Studio_Workspace\filesystem\build\mobileweb\modules\ti.cloud\example\windows\status\show.js
[DEBUG]  Analyzing C:\Users\neytu\Documents\Appcelerator_Studio_Workspace\filesystem\build\mobileweb\modules\ti.cloud\example\windows\status\table.js
[DEBUG]  Analyzing C:\Users\neytu\Documents\Appcelerator_Studio_Workspace\filesystem\build\mobileweb\modules\ti.cloud\example\windows\status\update.js
[DEBUG]  Analyzing C:\Users\neytu\Documents\Appcelerator_Studio_Workspace\filesystem\build\mobileweb\modules\ti.cloud\example\windows\users\create.js
[DEBUG]  Analyzing C:\Users\neytu\Documents\Appcelerator_Studio_Workspace\filesystem\build\mobileweb\modules\ti.cloud\example\windows\users\login.js
[DEBUG]  Analyzing C:\Users\neytu\Documents\Appcelerator_Studio_Workspace\filesystem\build\mobileweb\modules\ti.cloud\example\windows\users\loginStatus.js
[DEBUG]  Analyzing C:\Users\neytu\Documents\Appcelerator_Studio_Workspace\filesystem\build\mobileweb\modules\ti.cloud\example\windows\users\logout.js
[DEBUG]  Analyzing C:\Users\neytu\Documents\Appcelerator_Studio_Workspace\filesystem\build\mobileweb\modules\ti.cloud\example\windows\users\query.js
[DEBUG]  Analyzing C:\Users\neytu\Documents\Appcelerator_Studio_Workspace\filesystem\build\mobileweb\modules\ti.cloud\example\windows\users\remove.js
[DEBUG]  Analyzing C:\Users\neytu\Documents\Appcelerator_Studio_Workspace\filesystem\build\mobileweb\modules\ti.cloud\example\windows\users\requestResetPassword.js
[DEBUG]  Analyzing C:\Users\neytu\Documents\Appcelerator_Studio_Workspace\filesystem\build\mobileweb\modules\ti.cloud\example\windows\users\resendConfirmation.js
[DEBUG]  Analyzing C:\Users\neytu\Documents\Appcelerator_Studio_Workspace\filesystem\build\mobileweb\modules\ti.cloud\example\windows\users\search.js
[DEBUG]  Analyzing C:\Users\neytu\Documents\Appcelerator_Studio_Workspace\filesystem\build\mobileweb\modules\ti.cloud\example\windows\users\show.js
[DEBUG]  Analyzing C:\Users\neytu\Documents\Appcelerator_Studio_Workspace\filesystem\build\mobileweb\modules\ti.cloud\example\windows\users\showMe.js
[DEBUG]  Analyzing C:\Users\neytu\Documents\Appcelerator_Studio_Workspace\filesystem\build\mobileweb\modules\ti.cloud\example\windows\users\table.js
[DEBUG]  Analyzing C:\Users\neytu\Documents\Appcelerator_Studio_Workspace\filesystem\build\mobileweb\modules\ti.cloud\example\windows\users\update.js
[DEBUG]  Analyzing C:\Users\neytu\Documents\Appcelerator_Studio_Workspace\filesystem\build\mobileweb\modules\ti.cloud\ti.cloud.js
[DEBUG]  Analyzing C:\Users\neytu\Documents\Appcelerator_Studio_Workspace\filesystem\build\mobileweb\titanium\Ti\API.js
[DEBUG]  Analyzing C:\Users\neytu\Documents\Appcelerator_Studio_Workspace\filesystem\build\mobileweb\titanium\Ti\Accelerometer.js
[DEBUG]  Analyzing C:\Users\neytu\Documents\Appcelerator_Studio_Workspace\filesystem\build\mobileweb\titanium\Ti\Analytics.js
[DEBUG]  Analyzing C:\Users\neytu\Documents\Appcelerator_Studio_Workspace\filesystem\build\mobileweb\titanium\Ti\App\Properties.js
[DEBUG]  Analyzing C:\Users\neytu\Documents\Appcelerator_Studio_Workspace\filesystem\build\mobileweb\titanium\Ti\App.js
[DEBUG]  Analyzing C:\Users\neytu\Documents\Appcelerator_Studio_Workspace\filesystem\build\mobileweb\titanium\Ti\Blob.js
[DEBUG]  Analyzing C:\Users\neytu\Documents\Appcelerator_Studio_Workspace\filesystem\build\mobileweb\titanium\Ti\BlobStream.js
[DEBUG]  Analyzing C:\Users\neytu\Documents\Appcelerator_Studio_Workspace\filesystem\build\mobileweb\titanium\Ti\Buffer.js
[DEBUG]  Analyzing C:\Users\neytu\Documents\Appcelerator_Studio_Workspace\filesystem\build\mobileweb\titanium\Ti\BufferStream.js
[DEBUG]  Analyzing C:\Users\neytu\Documents\Appcelerator_Studio_Workspace\filesystem\build\mobileweb\titanium\Ti\Codec.js
[DEBUG]  Analyzing C:\Users\neytu\Documents\Appcelerator_Studio_Workspace\filesystem\build\mobileweb\titanium\Ti\Facebook\LoginButton.js
[DEBUG]  Analyzing C:\Users\neytu\Documents\Appcelerator_Studio_Workspace\filesystem\build\mobileweb\titanium\Ti\Facebook.js
[DEBUG]  Analyzing C:\Users\neytu\Documents\Appcelerator_Studio_Workspace\filesystem\build\mobileweb\titanium\Ti\Filesystem\File.js
[DEBUG]  Analyzing C:\Users\neytu\Documents\Appcelerator_Studio_Workspace\filesystem\build\mobileweb\titanium\Ti\Filesystem\FileStream.js
[DEBUG]  Analyzing C:\Users\neytu\Documents\Appcelerator_Studio_Workspace\filesystem\build\mobileweb\titanium\Ti\Filesystem.js
[DEBUG]  Analyzing C:\Users\neytu\Documents\Appcelerator_Studio_Workspace\filesystem\build\mobileweb\titanium\Ti\Geolocation.js
[DEBUG]  Analyzing C:\Users\neytu\Documents\Appcelerator_Studio_Workspace\filesystem\build\mobileweb\titanium\Ti\Gesture.js
[DEBUG]  Analyzing C:\Users\neytu\Documents\Appcelerator_Studio_Workspace\filesystem\build\mobileweb\titanium\Ti\IOStream.js
[DEBUG]  Analyzing C:\Users\neytu\Documents\Appcelerator_Studio_Workspace\filesystem\build\mobileweb\titanium\Ti\Locale\en\i18n.js
[DEBUG]  Analyzing C:\Users\neytu\Documents\Appcelerator_Studio_Workspace\filesystem\build\mobileweb\titanium\Ti\Locale\ja\i18n.js
[DEBUG]  Analyzing C:\Users\neytu\Documents\Appcelerator_Studio_Workspace\filesystem\build\mobileweb\titanium\Ti\Locale.js
[DEBUG]  Analyzing C:\Users\neytu\Documents\Appcelerator_Studio_Workspace\filesystem\build\mobileweb\titanium\Ti\Map\Annotation.js
[DEBUG]  Analyzing C:\Users\neytu\Documents\Appcelerator_Studio_Workspace\filesystem\build\mobileweb\titanium\Ti\Map\View.js
[DEBUG]  Analyzing C:\Users\neytu\Documents\Appcelerator_Studio_Workspace\filesystem\build\mobileweb\titanium\Ti\Map.js
[DEBUG]  Analyzing C:\Users\neytu\Documents\Appcelerator_Studio_Workspace\filesystem\build\mobileweb\titanium\Ti\Media\AudioPlayer.js
[DEBUG]  Analyzing C:\Users\neytu\Documents\Appcelerator_Studio_Workspace\filesystem\build\mobileweb\titanium\Ti\Media\Sound.js
[DEBUG]  Analyzing C:\Users\neytu\Documents\Appcelerator_Studio_Workspace\filesystem\build\mobileweb\titanium\Ti\Media\VideoPlayer.js
[DEBUG]  Analyzing C:\Users\neytu\Documents\Appcelerator_Studio_Workspace\filesystem\build\mobileweb\titanium\Ti\Media.js
[DEBUG]  Analyzing C:\Users\neytu\Documents\Appcelerator_Studio_Workspace\filesystem\build\mobileweb\titanium\Ti\Network\HTTPClient.js
[DEBUG]  Analyzing C:\Users\neytu\Documents\Appcelerator_Studio_Workspace\filesystem\build\mobileweb\titanium\Ti\Network.js
[DEBUG]  Analyzing C:\Users\neytu\Documents\Appcelerator_Studio_Workspace\filesystem\build\mobileweb\titanium\Ti\Platform\DisplayCaps.js
[DEBUG]  Analyzing C:\Users\neytu\Documents\Appcelerator_Studio_Workspace\filesystem\build\mobileweb\titanium\Ti\Platform.js
[DEBUG]  Analyzing C:\Users\neytu\Documents\Appcelerator_Studio_Workspace\filesystem\build\mobileweb\titanium\Ti\UI\2DMatrix.js
[DEBUG]  Analyzing C:\Users\neytu\Documents\Appcelerator_Studio_Workspace\filesystem\build\mobileweb\titanium\Ti\UI\ActivityIndicator.js
[DEBUG]  Analyzing C:\Users\neytu\Documents\Appcelerator_Studio_Workspace\filesystem\build\mobileweb\titanium\Ti\UI\ActivityIndicatorStyle.js
[DEBUG]  Analyzing C:\Users\neytu\Documents\Appcelerator_Studio_Workspace\filesystem\build\mobileweb\titanium\Ti\UI\AlertDialog.js
[DEBUG]  Analyzing C:\Users\neytu\Documents\Appcelerator_Studio_Workspace\filesystem\build\mobileweb\titanium\Ti\UI\Animation.js
[DEBUG]  Analyzing C:\Users\neytu\Documents\Appcelerator_Studio_Workspace\filesystem\build\mobileweb\titanium\Ti\UI\Button.js
[DEBUG]  Analyzing C:\Users\neytu\Documents\Appcelerator_Studio_Workspace\filesystem\build\mobileweb\titanium\Ti\UI\Clipboard.js
[DEBUG]  Analyzing C:\Users\neytu\Documents\Appcelerator_Studio_Workspace\filesystem\build\mobileweb\titanium\Ti\UI\EmailDialog.js
[DEBUG]  Analyzing C:\Users\neytu\Documents\Appcelerator_Studio_Workspace\filesystem\build\mobileweb\titanium\Ti\UI\ImageView.js
[DEBUG]  Analyzing C:\Users\neytu\Documents\Appcelerator_Studio_Workspace\filesystem\build\mobileweb\titanium\Ti\UI\Label.js
[DEBUG]  Analyzing C:\Users\neytu\Documents\Appcelerator_Studio_Workspace\filesystem\build\mobileweb\titanium\Ti\UI\MobileWeb\NavigationGroup.js
[DEBUG]  Analyzing C:\Users\neytu\Documents\Appcelerator_Studio_Workspace\filesystem\build\mobileweb\titanium\Ti\UI\MobileWeb\TableViewSeparatorStyle.js
[DEBUG]  Analyzing C:\Users\neytu\Documents\Appcelerator_Studio_Workspace\filesystem\build\mobileweb\titanium\Ti\UI\MobileWeb.js
[DEBUG]  Analyzing C:\Users\neytu\Documents\Appcelerator_Studio_Workspace\filesystem\build\mobileweb\titanium\Ti\UI\OptionDialog.js
[DEBUG]  Analyzing C:\Users\neytu\Documents\Appcelerator_Studio_Workspace\filesystem\build\mobileweb\titanium\Ti\UI\Picker.js
[DEBUG]  Analyzing C:\Users\neytu\Documents\Appcelerator_Studio_Workspace\filesystem\build\mobileweb\titanium\Ti\UI\PickerColumn.js
[DEBUG]  Analyzing C:\Users\neytu\Documents\Appcelerator_Studio_Workspace\filesystem\build\mobileweb\titanium\Ti\UI\PickerRow.js
[DEBUG]  Analyzing C:\Users\neytu\Documents\Appcelerator_Studio_Workspace\filesystem\build\mobileweb\titanium\Ti\UI\ProgressBar.js
[DEBUG]  Analyzing C:\Users\neytu\Documents\Appcelerator_Studio_Workspace\filesystem\build\mobileweb\titanium\Ti\UI\ScrollView.js
[DEBUG]  Analyzing C:\Users\neytu\Documents\Appcelerator_Studio_Workspace\filesystem\build\mobileweb\titanium\Ti\UI\ScrollableView.js
[DEBUG]  Analyzing C:\Users\neytu\Documents\Appcelerator_Studio_Workspace\filesystem\build\mobileweb\titanium\Ti\UI\Slider.js
[DEBUG]  Analyzing C:\Users\neytu\Documents\Appcelerator_Studio_Workspace\filesystem\build\mobileweb\titanium\Ti\UI\Switch.js
[DEBUG]  Analyzing C:\Users\neytu\Documents\Appcelerator_Studio_Workspace\filesystem\build\mobileweb\titanium\Ti\UI\Tab.js
[DEBUG]  Analyzing C:\Users\neytu\Documents\Appcelerator_Studio_Workspace\filesystem\build\mobileweb\titanium\Ti\UI\TabGroup.js
[DEBUG]  Analyzing C:\Users\neytu\Documents\Appcelerator_Studio_Workspace\filesystem\build\mobileweb\titanium\Ti\UI\TableView.js
[DEBUG]  Analyzing C:\Users\neytu\Documents\Appcelerator_Studio_Workspace\filesystem\build\mobileweb\titanium\Ti\UI\TableViewRow.js
[DEBUG]  Analyzing C:\Users\neytu\Documents\Appcelerator_Studio_Workspace\filesystem\build\mobileweb\titanium\Ti\UI\TableViewSection.js
[DEBUG]  Analyzing C:\Users\neytu\Documents\Appcelerator_Studio_Workspace\filesystem\build\mobileweb\titanium\Ti\UI\TextArea.js
[DEBUG]  Analyzing C:\Users\neytu\Documents\Appcelerator_Studio_Workspace\filesystem\build\mobileweb\titanium\Ti\UI\TextField.js
[DEBUG]  Analyzing C:\Users\neytu\Documents\Appcelerator_Studio_Workspace\filesystem\build\mobileweb\titanium\Ti\UI\View.js
[DEBUG]  Analyzing C:\Users\neytu\Documents\Appcelerator_Studio_Workspace\filesystem\build\mobileweb\titanium\Ti\UI\WebView.js
[DEBUG]  Analyzing C:\Users\neytu\Documents\Appcelerator_Studio_Workspace\filesystem\build\mobileweb\titanium\Ti\UI\Window.js
[DEBUG]  Analyzing C:\Users\neytu\Documents\Appcelerator_Studio_Workspace\filesystem\build\mobileweb\titanium\Ti\UI.js
[DEBUG]  Analyzing C:\Users\neytu\Documents\Appcelerator_Studio_Workspace\filesystem\build\mobileweb\titanium\Ti\Utils.js
[DEBUG]  Analyzing C:\Users\neytu\Documents\Appcelerator_Studio_Workspace\filesystem\build\mobileweb\titanium\Ti\XML.js
[DEBUG]  Analyzing C:\Users\neytu\Documents\Appcelerator_Studio_Workspace\filesystem\build\mobileweb\titanium\Ti\Yahoo.js
[DEBUG]  Analyzing C:\Users\neytu\Documents\Appcelerator_Studio_Workspace\filesystem\build\mobileweb\titanium\Ti\_\Evented.js
[DEBUG]  Analyzing C:\Users\neytu\Documents\Appcelerator_Studio_Workspace\filesystem\build\mobileweb\titanium\Ti\_\Filesystem\Local.js
[DEBUG]  Analyzing C:\Users\neytu\Documents\Appcelerator_Studio_Workspace\filesystem\build\mobileweb\titanium\Ti\_\Gestures\DoubleTap.js
[DEBUG]  Analyzing C:\Users\neytu\Documents\Appcelerator_Studio_Workspace\filesystem\build\mobileweb\titanium\Ti\_\Gestures\Dragging.js
[DEBUG]  Analyzing C:\Users\neytu\Documents\Appcelerator_Studio_Workspace\filesystem\build\mobileweb\titanium\Ti\_\Gestures\LongPress.js
[DEBUG]  Analyzing C:\Users\neytu\Documents\Appcelerator_Studio_Workspace\filesystem\build\mobileweb\titanium\Ti\_\Gestures\Pinch.js
[DEBUG]  Analyzing C:\Users\neytu\Documents\Appcelerator_Studio_Workspace\filesystem\build\mobileweb\titanium\Ti\_\Gestures\SingleTap.js
[DEBUG]  Analyzing C:\Users\neytu\Documents\Appcelerator_Studio_Workspace\filesystem\build\mobileweb\titanium\Ti\_\Gestures\Swipe.js
[DEBUG]  Analyzing C:\Users\neytu\Documents\Appcelerator_Studio_Workspace\filesystem\build\mobileweb\titanium\Ti\_\Gestures\TouchCancel.js
[DEBUG]  Analyzing C:\Users\neytu\Documents\Appcelerator_Studio_Workspace\filesystem\build\mobileweb\titanium\Ti\_\Gestures\TouchEnd.js
[DEBUG]  Analyzing C:\Users\neytu\Documents\Appcelerator_Studio_Workspace\filesystem\build\mobileweb\titanium\Ti\_\Gestures\TouchMove.js
[DEBUG]  Analyzing C:\Users\neytu\Documents\Appcelerator_Studio_Workspace\filesystem\build\mobileweb\titanium\Ti\_\Gestures\TouchStart.js
[DEBUG]  Analyzing C:\Users\neytu\Documents\Appcelerator_Studio_Workspace\filesystem\build\mobileweb\titanium\Ti\_\Gestures\TwoFingerTap.js
[DEBUG]  Analyzing C:\Users\neytu\Documents\Appcelerator_Studio_Workspace\filesystem\build\mobileweb\titanium\Ti\_\Layouts\Base.js
[DEBUG]  Analyzing C:\Users\neytu\Documents\Appcelerator_Studio_Workspace\filesystem\build\mobileweb\titanium\Ti\_\Layouts\Composite.js
[DEBUG]  Analyzing C:\Users\neytu\Documents\Appcelerator_Studio_Workspace\filesystem\build\mobileweb\titanium\Ti\_\Layouts\ConstrainingHorizontal.js
[DEBUG]  Analyzing C:\Users\neytu\Documents\Appcelerator_Studio_Workspace\filesystem\build\mobileweb\titanium\Ti\_\Layouts\ConstrainingVertical.js
[DEBUG]  Analyzing C:\Users\neytu\Documents\Appcelerator_Studio_Workspace\filesystem\build\mobileweb\titanium\Ti\_\Layouts\Horizontal.js
[DEBUG]  Analyzing C:\Users\neytu\Documents\Appcelerator_Studio_Workspace\filesystem\build\mobileweb\titanium\Ti\_\Layouts\Vertical.js
[DEBUG]  Analyzing C:\Users\neytu\Documents\Appcelerator_Studio_Workspace\filesystem\build\mobileweb\titanium\Ti\_\Layouts.js
[DEBUG]  Analyzing C:\Users\neytu\Documents\Appcelerator_Studio_Workspace\filesystem\build\mobileweb\titanium\Ti\_\Map\Google.js
[DEBUG]  Analyzing C:\Users\neytu\Documents\Appcelerator_Studio_Workspace\filesystem\build\mobileweb\titanium\Ti\_\UI\Element.js
[DEBUG]  Analyzing C:\Users\neytu\Documents\Appcelerator_Studio_Workspace\filesystem\build\mobileweb\titanium\Ti\_\UI\FontWidget.js
[DEBUG]  Analyzing C:\Users\neytu\Documents\Appcelerator_Studio_Workspace\filesystem\build\mobileweb\titanium\Ti\_\UI\KineticScrollView.js
[DEBUG]  Analyzing C:\Users\neytu\Documents\Appcelerator_Studio_Workspace\filesystem\build\mobileweb\titanium\Ti\_\UI\SuperView.js
[DEBUG]  Analyzing C:\Users\neytu\Documents\Appcelerator_Studio_Workspace\filesystem\build\mobileweb\titanium\Ti\_\UI\TextBox.js
[DEBUG]  Analyzing C:\Users\neytu\Documents\Appcelerator_Studio_Workspace\filesystem\build\mobileweb\titanium\Ti\_\UI\WebViewBridge.js
[DEBUG]  Analyzing C:\Users\neytu\Documents\Appcelerator_Studio_Workspace\filesystem\build\mobileweb\titanium\Ti\_\UI\Widget.js
[DEBUG]  Analyzing C:\Users\neytu\Documents\Appcelerator_Studio_Workspace\filesystem\build\mobileweb\titanium\Ti\_\analytics.js
[DEBUG]  Analyzing C:\Users\neytu\Documents\Appcelerator_Studio_Workspace\filesystem\build\mobileweb\titanium\Ti\_\browser.js
[DEBUG]  Analyzing C:\Users\neytu\Documents\Appcelerator_Studio_Workspace\filesystem\build\mobileweb\titanium\Ti\_\colors.js
[DEBUG]  Analyzing C:\Users\neytu\Documents\Appcelerator_Studio_Workspace\filesystem\build\mobileweb\titanium\Ti\_\css.js
[DEBUG]  Analyzing C:\Users\neytu\Documents\Appcelerator_Studio_Workspace\filesystem\build\mobileweb\titanium\Ti\_\declare.js
[DEBUG]  Analyzing C:\Users\neytu\Documents\Appcelerator_Studio_Workspace\filesystem\build\mobileweb\titanium\Ti\_\dom.js
[DEBUG]  Analyzing C:\Users\neytu\Documents\Appcelerator_Studio_Workspace\filesystem\build\mobileweb\titanium\Ti\_\encoding.js
[DEBUG]  Analyzing C:\Users\neytu\Documents\Appcelerator_Studio_Workspace\filesystem\build\mobileweb\titanium\Ti\_\event.js
[DEBUG]  Analyzing C:\Users\neytu\Documents\Appcelerator_Studio_Workspace\filesystem\build\mobileweb\titanium\Ti\_\has.js
[DEBUG]  Analyzing C:\Users\neytu\Documents\Appcelerator_Studio_Workspace\filesystem\build\mobileweb\titanium\Ti\_\image.js
[DEBUG]  Analyzing C:\Users\neytu\Documents\Appcelerator_Studio_Workspace\filesystem\build\mobileweb\titanium\Ti\_\include.js
[DEBUG]  Analyzing C:\Users\neytu\Documents\Appcelerator_Studio_Workspace\filesystem\build\mobileweb\titanium\Ti\_\lang.js
[DEBUG]  Analyzing C:\Users\neytu\Documents\Appcelerator_Studio_Workspace\filesystem\build\mobileweb\titanium\Ti\_\ready.js
[DEBUG]  Analyzing C:\Users\neytu\Documents\Appcelerator_Studio_Workspace\filesystem\build\mobileweb\titanium\Ti\_\string.js
[DEBUG]  Analyzing C:\Users\neytu\Documents\Appcelerator_Studio_Workspace\filesystem\build\mobileweb\titanium\Ti\_\style.js
[DEBUG]  Analyzing C:\Users\neytu\Documents\Appcelerator_Studio_Workspace\filesystem\build\mobileweb\titanium\Ti\_\text.js
[DEBUG]  Analyzing C:\Users\neytu\Documents\Appcelerator_Studio_Workspace\filesystem\build\mobileweb\titanium\Ti\_.js
[DEBUG]  Analyzing C:\Users\neytu\Documents\Appcelerator_Studio_Workspace\filesystem\build\mobileweb\titanium\Ti.js
[DEBUG]  Analyzing C:\Users\neytu\Documents\Appcelerator_Studio_Workspace\filesystem\build\mobileweb\titanium.js
[DEBUG]  Analyzing C:\Users\neytu\Documents\Appcelerator_Studio_Workspace\filesystem\build\mobileweb\ui\common\FirstView.js
[DEBUG]  Analyzing C:\Users\neytu\Documents\Appcelerator_Studio_Workspace\filesystem\build\mobileweb\ui\fileSystem.js
[DEBUG]  Analyzing C:\Users\neytu\Documents\Appcelerator_Studio_Workspace\filesystem\build\mobileweb\ui\handheld\ApplicationWindow.js
[DEBUG]  Analyzing C:\Users\neytu\Documents\Appcelerator_Studio_Workspace\filesystem\build\mobileweb\ui\handheld\android\ApplicationWindow.js
[DEBUG]  Analyzing C:\Users\neytu\Documents\Appcelerator_Studio_Workspace\filesystem\build\mobileweb\ui\tablet\ApplicationWindow.js
[INFO]   Creating the filesystem registry
[INFO]   Creating the index.html
[INFO]   Project built successfully in 11s 388ms
